<?xml version="1.0" encoding="UTF-8"?>
<testsuite xmlns:xsi="http://www.w3.org/2001/XMLSchema-instance" xsi:noNamespaceSchemaLocation="https://maven.apache.org/surefire/maven-surefire-plugin/xsd/surefire-test-report-3.0.xsd" version="3.0" name="fr.hetic.ApplicationTest" time="0.203" tests="2" errors="0" skipped="0" failures="0">
  <properties>
[...]
</properties>
  <testcase name="testConversionInvalide" classname="fr.hetic.ApplicationTest" time="0.156"/>
  <testcase name="testConversionValide" classname="fr.hetic.ApplicationTest" time="0.003"/>
</testsuite>