<?xml version="1.0" encoding="UTF-8"?>
<testsuite xmlns:xsi="http://www.w3.org/2001/XMLSchema-instance" xsi:noNamespaceSchemaLocation="https://maven.apache.org/surefire/maven-surefire-plugin/xsd/surefire-test-report-3.0.xsd" version="3.0" name="fr.hetic.ConvertisseurRomainTest" time="0.036" tests="15" errors="0" skipped="0" failures="0">
  <properties>
[...]
</properties>
  <testcase name="doitConvertir13EnXIII" classname="fr.hetic.ConvertisseurRomainTest" time="0.001"/>
  <testcase name="doitConvertir100EnC" classname="fr.hetic.ConvertisseurRomainTest" time="0.002"/>
  <testcase name="doitConvertir40EnXL" classname="fr.hetic.ConvertisseurRomainTest" time="0.001"/>
  <testcase name="doitConvertir500EnD" classname="fr.hetic.ConvertisseurRomainTest" time="0.002"/>
  <testcase name="doitConvertir90EnXC" classname="fr.hetic.ConvertisseurRomainTest" time="0.001"/>
  <testcase name="doitConvertir30EnXXX" classname="fr.hetic.ConvertisseurRomainTest" time="0.001"/>
  <testcase name="doitConvertir400EnCD" classname="fr.hetic.ConvertisseurRomainTest" time="0.001"/>
  <testcase name="doitConvertir900EnCM" classname="fr.hetic.ConvertisseurRomainTest" time="0.002"/>
  <testcase name="doitLancerExceptionPourNombreSuperieurA2000" classname="fr.hetic.ConvertisseurRomainTest" time="0.007"/>
  <testcase name="doitConvertir1042EnMXLII" classname="fr.hetic.ConvertisseurRomainTest" time="0.002"/>
  <testcase name="doitConvertir1000EnM" classname="fr.hetic.ConvertisseurRomainTest" time="0.0"/>
  <testcase name="doitConvertir2EnII" classname="fr.hetic.ConvertisseurRomainTest" time="0.001"/>
  <testcase name="doitConvertir50EnL" classname="fr.hetic.ConvertisseurRomainTest" time="0.0"/>
  <testcase name="doitConvertir6EnVI" classname="fr.hetic.ConvertisseurRomainTest" time="0.0"/>
  <testcase name="doitLancerExceptionPourZeroOuNegatif" classname="fr.hetic.ConvertisseurRomainTest" time="0.003"/>
</testsuite>